[debug] [2020-09-18T20:49:51.767Z] ----------------------------------------------------------------------
[debug] [2020-09-18T20:49:51.770Z] Command:       /usr/local/Cellar/node/14.10.1/bin/node /usr/local/bin/firebase emulators:start
[debug] [2020-09-18T20:49:51.770Z] CLI Version:   8.6.0
[debug] [2020-09-18T20:49:51.770Z] Platform:      darwin
[debug] [2020-09-18T20:49:51.770Z] Node Version:  v14.10.1
[debug] [2020-09-18T20:49:51.772Z] Time:          Fri Sep 18 2020 16:49:51 GMT-0400 (Eastern Daylight Time)
[debug] [2020-09-18T20:49:51.772Z] ----------------------------------------------------------------------
[debug] [2020-09-18T20:49:51.772Z] 
[debug] [2020-09-18T20:49:51.789Z] > command requires scopes: ["email","openid","https://www.googleapis.com/auth/cloudplatformprojects.readonly","https://www.googleapis.com/auth/firebase","https://www.googleapis.com/auth/cloud-platform"]
[debug] [2020-09-18T20:49:51.790Z] > authorizing via signed-in user
[info] i  emulators: Starting emulators: functions, hosting {"metadata":{"emulator":{"name":"hub"},"message":"Starting emulators: functions, hosting"}}
[debug] [2020-09-18T20:49:51.844Z] [hub] writing locator at /var/folders/2x/9xypgxqn655dfgxtgvnd3gy80000gn/T/hub-fir-c12e4.json
[debug] [2020-09-18T20:49:51.859Z] defaultcredentials: writing to file /Users/elizabetheidelson/.config/firebase/fluturecode_gmail_com_application_default_credentials.json
[debug] [2020-09-18T20:49:51.862Z] Setting GAC to /Users/elizabetheidelson/.config/firebase/fluturecode_gmail_com_application_default_credentials.json {"metadata":{"emulator":{"name":"functions"},"message":"Setting GAC to /Users/elizabetheidelson/.config/firebase/fluturecode_gmail_com_application_default_credentials.json"}}
[warn] ⚠  functions: The following emulators are not running, calls to these services from the Functions emulator will affect production: firestore, database, pubsub {"metadata":{"emulator":{"name":"functions"},"message":"The following emulators are not running, calls to these services from the Functions emulator will affect production: \u001b[1mfirestore, database, pubsub\u001b[22m"}}
[warn] ⚠  Your requested "node" version "10" doesn't match your global version "14" {"metadata":{"emulator":{"name":"functions"},"message":"Your requested \"node\" version \"10\" doesn't match your global version \"14\""}}
[debug] [2020-09-18T20:49:51.911Z] >>> HTTP REQUEST GET https://firebase.googleapis.com/v1beta1/projects/fir-c12e4/webApps/-/config  
 
[debug] [2020-09-18T20:49:52.600Z] <<< HTTP RESPONSE 200 {"content-type":"application/json; charset=UTF-8","vary":"X-Origin, Referer, Origin,Accept-Encoding","date":"Fri, 18 Sep 2020 20:49:52 GMT","server":"ESF","cache-control":"private","x-xss-protection":"0","x-frame-options":"SAMEORIGIN","x-content-type-options":"nosniff","alt-svc":"h3-Q050=\":443\"; ma=2592000,h3-29=\":443\"; ma=2592000,h3-27=\":443\"; ma=2592000,h3-T051=\":443\"; ma=2592000,h3-T050=\":443\"; ma=2592000,h3-Q046=\":443\"; ma=2592000,h3-Q043=\":443\"; ma=2592000,quic=\":443\"; ma=2592000; v=\"46,43\"","accept-ranges":"none","transfer-encoding":"chunked"}
[info] i  hosting: Serving hosting files from: build {"metadata":{"emulator":{"name":"hosting"},"message":"Serving hosting files from: \u001b[1mbuild\u001b[22m"}}
[info] ✔  hosting: Local server: http://localhost:5000 {"metadata":{"emulator":{"name":"hosting"},"message":"Local server: \u001b[4m\u001b[1mhttp://localhost:5000\u001b[22m\u001b[24m"}}
[debug] [2020-09-18T20:49:52.664Z] Ignoring unsupported arg: auto_download {"metadata":{"emulator":{"name":"ui"},"message":"Ignoring unsupported arg: auto_download"}}
[debug] [2020-09-18T20:49:52.664Z] Ignoring unsupported arg: port {"metadata":{"emulator":{"name":"ui"},"message":"Ignoring unsupported arg: port"}}
[debug] [2020-09-18T20:49:52.665Z] Starting Emulator UI with command {"binary":"node","args":["/Users/elizabetheidelson/.cache/firebase/emulators/ui-v1.1.1/server.bundle.js"],"optionalArgs":[],"joinArgs":false} {"metadata":{"emulator":{"name":"ui"},"message":"Starting Emulator UI with command {\"binary\":\"node\",\"args\":[\"/Users/elizabetheidelson/.cache/firebase/emulators/ui-v1.1.1/server.bundle.js\"],\"optionalArgs\":[],\"joinArgs\":false}"}}
[info] i  ui: Emulator UI logging to ui-debug.log {"metadata":{"emulator":{"name":"ui"},"message":"Emulator UI logging to \u001b[1mui-debug.log\u001b[22m"}}
[debug] [2020-09-18T20:49:52.957Z] Web / API server started at http://localhost:4000
 {"metadata":{"emulator":{"name":"ui"},"message":"Web / API server started at http://localhost:4000\n"}}
[info] i  functions: Watching "/Users/elizabetheidelson/Desktop/amazon/functions" for Cloud Functions... {"metadata":{"emulator":{"name":"functions"},"message":"Watching \"/Users/elizabetheidelson/Desktop/amazon/functions\" for Cloud Functions..."}}
[debug] [2020-09-18T20:49:53.210Z] [worker-pool] addWorker(~diagnostic~) {"metadata":{"emulator":{"name":"functions"},"message":"[worker-pool] addWorker(~diagnostic~)"}}
[debug] [2020-09-18T20:49:53.210Z] [worker-pool] Adding worker with key ~diagnostic~, total=1 {"metadata":{"emulator":{"name":"functions"},"message":"[worker-pool] Adding worker with key ~diagnostic~, total=1"}}
[debug] [2020-09-18T20:49:53.210Z] [worker-pool] submitWork(triggerId=) {"metadata":{"emulator":{"name":"functions"},"message":"[worker-pool] submitWork(triggerId=)"}}
[debug] [2020-09-18T20:49:53.211Z] [worker-~diagnostic~-577b8c5f-9bb5-43ec-9c51-e35eec29eee0]: Assigning socketPath: /var/folders/2x/9xypgxqn655dfgxtgvnd3gy80000gn/T/fire_emu_1299.sock {"metadata":{"emulator":{"name":"functions"},"message":"[worker-~diagnostic~-577b8c5f-9bb5-43ec-9c51-e35eec29eee0]: Assigning socketPath: /var/folders/2x/9xypgxqn655dfgxtgvnd3gy80000gn/T/fire_emu_1299.sock"}}
[debug] [2020-09-18T20:49:53.212Z] [worker-~diagnostic~-577b8c5f-9bb5-43ec-9c51-e35eec29eee0]: BUSY {"metadata":{"emulator":{"name":"functions"},"message":"[worker-~diagnostic~-577b8c5f-9bb5-43ec-9c51-e35eec29eee0]: BUSY"}}
[debug] [2020-09-18T20:49:53.811Z] [runtime-status] [1299] Functions runtime initialized. {"cwd":"/Users/elizabetheidelson/Desktop/amazon/functions","node_version":"14.10.1"} {"metadata":{"emulator":{"name":"functions"},"message":"[runtime-status] [1299] Functions runtime initialized. {\"cwd\":\"/Users/elizabetheidelson/Desktop/amazon/functions\",\"node_version\":\"14.10.1\"}"}}
[debug] [2020-09-18T20:49:53.812Z] [runtime-status] [1299] Disabled runtime features: undefined {"metadata":{"emulator":{"name":"functions"},"message":"[runtime-status] [1299] Disabled runtime features: undefined"}}
[debug] [2020-09-18T20:49:53.819Z] [runtime-status] [1299] Resolved module firebase-admin {"declared":true,"installed":true,"version":"8.13.0","resolution":"/Users/elizabetheidelson/Desktop/amazon/functions/node_modules/firebase-admin/lib/index.js"} {"metadata":{"emulator":{"name":"functions"},"message":"[runtime-status] [1299] Resolved module firebase-admin {\"declared\":true,\"installed\":true,\"version\":\"8.13.0\",\"resolution\":\"/Users/elizabetheidelson/Desktop/amazon/functions/node_modules/firebase-admin/lib/index.js\"}"}}
[debug] [2020-09-18T20:49:53.822Z] [runtime-status] [1299] Resolved module firebase-functions {"declared":true,"installed":true,"version":"3.11.0","resolution":"/Users/elizabetheidelson/Desktop/amazon/functions/node_modules/firebase-functions/lib/index.js"} {"metadata":{"emulator":{"name":"functions"},"message":"[runtime-status] [1299] Resolved module firebase-functions {\"declared\":true,\"installed\":true,\"version\":\"3.11.0\",\"resolution\":\"/Users/elizabetheidelson/Desktop/amazon/functions/node_modules/firebase-functions/lib/index.js\"}"}}
[debug] [2020-09-18T20:49:53.824Z] [runtime-status] [1299] Resolved module firebase-functions {"declared":true,"installed":true,"version":"3.11.0","resolution":"/Users/elizabetheidelson/Desktop/amazon/functions/node_modules/firebase-functions/lib/index.js"} {"metadata":{"emulator":{"name":"functions"},"message":"[runtime-status] [1299] Resolved module firebase-functions {\"declared\":true,\"installed\":true,\"version\":\"3.11.0\",\"resolution\":\"/Users/elizabetheidelson/Desktop/amazon/functions/node_modules/firebase-functions/lib/index.js\"}"}}
[debug] [2020-09-18T20:49:53.827Z] [runtime-status] [1299] Outgoing network have been stubbed. [{"name":"http","status":"mocked"},{"name":"http","status":"mocked"},{"name":"https","status":"mocked"},{"name":"https","status":"mocked"},{"name":"net","status":"mocked"}] {"metadata":{"emulator":{"name":"functions"},"message":"[runtime-status] [1299] Outgoing network have been stubbed. [{\"name\":\"http\",\"status\":\"mocked\"},{\"name\":\"http\",\"status\":\"mocked\"},{\"name\":\"https\",\"status\":\"mocked\"},{\"name\":\"https\",\"status\":\"mocked\"},{\"name\":\"net\",\"status\":\"mocked\"}]"}}
[debug] [2020-09-18T20:49:53.829Z] [runtime-status] [1299] Resolved module firebase-functions {"declared":true,"installed":true,"version":"3.11.0","resolution":"/Users/elizabetheidelson/Desktop/amazon/functions/node_modules/firebase-functions/lib/index.js"} {"metadata":{"emulator":{"name":"functions"},"message":"[runtime-status] [1299] Resolved module firebase-functions {\"declared\":true,\"installed\":true,\"version\":\"3.11.0\",\"resolution\":\"/Users/elizabetheidelson/Desktop/amazon/functions/node_modules/firebase-functions/lib/index.js\"}"}}
[debug] [2020-09-18T20:49:53.951Z] [runtime-status] [1299] Checked functions.config() {"config":{}} {"metadata":{"emulator":{"name":"functions"},"message":"[runtime-status] [1299] Checked functions.config() {\"config\":{}}"}}
[debug] [2020-09-18T20:49:53.952Z] [runtime-status] [1299] firebase-functions has been stubbed. {"functionsResolution":{"declared":true,"installed":true,"version":"3.11.0","resolution":"/Users/elizabetheidelson/Desktop/amazon/functions/node_modules/firebase-functions/lib/index.js"}} {"metadata":{"emulator":{"name":"functions"},"message":"[runtime-status] [1299] firebase-functions has been stubbed. {\"functionsResolution\":{\"declared\":true,\"installed\":true,\"version\":\"3.11.0\",\"resolution\":\"/Users/elizabetheidelson/Desktop/amazon/functions/node_modules/firebase-functions/lib/index.js\"}}"}}
[debug] [2020-09-18T20:49:53.953Z] [runtime-status] [1299] Resolved module firebase-functions {"declared":true,"installed":true,"version":"3.11.0","resolution":"/Users/elizabetheidelson/Desktop/amazon/functions/node_modules/firebase-functions/lib/index.js"} {"metadata":{"emulator":{"name":"functions"},"message":"[runtime-status] [1299] Resolved module firebase-functions {\"declared\":true,\"installed\":true,\"version\":\"3.11.0\",\"resolution\":\"/Users/elizabetheidelson/Desktop/amazon/functions/node_modules/firebase-functions/lib/index.js\"}"}}
[debug] [2020-09-18T20:49:53.954Z] [runtime-status] [1299] Resolved module firebase-admin {"declared":true,"installed":true,"version":"8.13.0","resolution":"/Users/elizabetheidelson/Desktop/amazon/functions/node_modules/firebase-admin/lib/index.js"} {"metadata":{"emulator":{"name":"functions"},"message":"[runtime-status] [1299] Resolved module firebase-admin {\"declared\":true,\"installed\":true,\"version\":\"8.13.0\",\"resolution\":\"/Users/elizabetheidelson/Desktop/amazon/functions/node_modules/firebase-admin/lib/index.js\"}"}}
[debug] [2020-09-18T20:49:53.955Z] [runtime-status] [1299] Resolved module firebase-functions {"declared":true,"installed":true,"version":"3.11.0","resolution":"/Users/elizabetheidelson/Desktop/amazon/functions/node_modules/firebase-functions/lib/index.js"} {"metadata":{"emulator":{"name":"functions"},"message":"[runtime-status] [1299] Resolved module firebase-functions {\"declared\":true,\"installed\":true,\"version\":\"3.11.0\",\"resolution\":\"/Users/elizabetheidelson/Desktop/amazon/functions/node_modules/firebase-functions/lib/index.js\"}"}}
[debug] [2020-09-18T20:49:53.955Z] [runtime-status] [1299] firebase-admin has been stubbed. {"adminResolution":{"declared":true,"installed":true,"version":"8.13.0","resolution":"/Users/elizabetheidelson/Desktop/amazon/functions/node_modules/firebase-admin/lib/index.js"}} {"metadata":{"emulator":{"name":"functions"},"message":"[runtime-status] [1299] firebase-admin has been stubbed. {\"adminResolution\":{\"declared\":true,\"installed\":true,\"version\":\"8.13.0\",\"resolution\":\"/Users/elizabetheidelson/Desktop/amazon/functions/node_modules/firebase-admin/lib/index.js\"}}"}}
[info] ✔  functions[api]: http function initialized (http://localhost:5001/fir-c12e4/us-central1/api). {"metadata":{"emulator":{"name":"functions"},"message":"\u001b[1mhttp\u001b[22m function initialized (http://localhost:5001/fir-c12e4/us-central1/api)."}}
[info] 
┌───────────────────────────────────────────────────────────────────────┐
│ ✔  All emulators ready! View status and logs at http://localhost:4000 │
└───────────────────────────────────────────────────────────────────────┘

┌───────────┬────────────────┬─────────────────────────────────┐
│ Emulator  │ Host:Port      │ View in Emulator UI             │
├───────────┼────────────────┼─────────────────────────────────┤
│ Functions │ localhost:5001 │ http://localhost:4000/functions │
├───────────┼────────────────┼─────────────────────────────────┤
│ Hosting   │ localhost:5000 │ n/a                             │
└───────────┴────────────────┴─────────────────────────────────┘
  Other reserved ports: 4400, 4500

Issues? Report them at https://github.com/firebase/firebase-tools/issues and attach the *-debug.log files.
 
[debug] [2020-09-18T20:49:54.448Z] [worker-~diagnostic~-577b8c5f-9bb5-43ec-9c51-e35eec29eee0]: IDLE {"metadata":{"emulator":{"name":"functions"},"message":"[worker-~diagnostic~-577b8c5f-9bb5-43ec-9c51-e35eec29eee0]: IDLE"}}
