[debug] [2020-09-13T03:13:42.730Z] ----------------------------------------------------------------------
[debug] [2020-09-13T03:13:42.732Z] Command:       /Users/elizabetheidelson/.nvm/versions/node/v14.5.0/bin/node /Users/elizabetheidelson/.nvm/versions/node/v14.5.0/bin/firebase init
[debug] [2020-09-13T03:13:42.733Z] CLI Version:   8.5.0
[debug] [2020-09-13T03:13:42.733Z] Platform:      darwin
[debug] [2020-09-13T03:13:42.733Z] Node Version:  v14.5.0
[debug] [2020-09-13T03:13:42.734Z] Time:          Sat Sep 12 2020 23:13:42 GMT-0400 (Eastern Daylight Time)
[debug] [2020-09-13T03:13:42.735Z] ----------------------------------------------------------------------
[debug] [2020-09-13T03:13:42.735Z] 
[debug] [2020-09-13T03:13:42.751Z] > command requires scopes: ["email","openid","https://www.googleapis.com/auth/cloudplatformprojects.readonly","https://www.googleapis.com/auth/firebase","https://www.googleapis.com/auth/cloud-platform"]
[debug] [2020-09-13T03:13:42.752Z] > authorizing via signed-in user
[info] 
     ######## #### ########  ######## ########     ###     ######  ########
     ##        ##  ##     ## ##       ##     ##  ##   ##  ##       ##
     ######    ##  ########  ######   ########  #########  ######  ######
     ##        ##  ##    ##  ##       ##     ## ##     ##       ## ##
     ##       #### ##     ## ######## ########  ##     ##  ######  ########

You're about to initialize a Firebase project in this directory:

  /Users/elizabetheidelson/Desktop/amazon

Before we get started, keep in mind:

  * You are initializing in an existing Firebase project directory

